# JRE version: OpenJDK Runtime Environment Corretto-15.0.2.7.1 (15.0.2+7) (build 15.0.2+7)
# Java VM: OpenJDK 64-Bit Server VM Corretto-15.0.2.7.1 (15.0.2+7, mixed mode, sharing, tiered, compressed oops, g1 gc, windows-amd64)
GC Precious Log:
 CPUs: 2 total, 2 available
 Memory: 3941M
 Large Page Support: Disabled
 NUMA Support: Disabled
 Compressed Oops: Enabled (32-bit)
 Heap Region Size: 1M
 Heap Min Capacity: 256M
 Heap Initial Capacity: 256M
 Heap Max Capacity: 512M
 Pre-touch: Disabled
 Parallel Workers: 2
 Concurrent Workers: 1
 Concurrent Refinement Workers: 2
 Periodic GC: Disabled
Heap:
 garbage-first heap   total 262144K, used 209665K [0x00000000e0000000, 0x0000000100000000)
  region size 1024K, 111 young (113664K), 10 survivors (10240K)
 Metaspace       used 76393K, capacity 78128K, committed 78384K, reserved 323584K
  class space    used 9756K, capacity 10336K, committed 10368K, reserved 253952K
GC Heap History (20 events):
Event: 69.981 GC heap before
{Heap before GC invocations=32 (full 0):
 garbage-first heap   total 262144K, used 223619K [0x00000000e0000000, 0x0000000100000000)
  region size 1024K, 149 young (152576K), 11 survivors (11264K)
 Metaspace       used 63955K, capacity 65146K, committed 65200K, reserved 311296K
  class space    used 8258K, capacity 8669K, committed 8704K, reserved 253952K
}
Event: 69.994 GC heap after
{Heap after GC invocations=33 (full 0):
 garbage-first heap   total 262144K, used 83535K [0x00000000e0000000, 0x0000000100000000)
  region size 1024K, 10 young (10240K), 10 survivors (10240K)
 Metaspace       used 63955K, capacity 65146K, committed 65200K, reserved 311296K
  class space    used 8258K, capacity 8669K, committed 8704K, reserved 253952K
}
Event: 70.885 GC heap before
{Heap before GC invocations=33 (full 0):
 garbage-first heap   total 262144K, used 224847K [0x00000000e0000000, 0x0000000100000000)
  region size 1024K, 148 young (151552K), 10 survivors (10240K)
 Metaspace       used 63955K, capacity 65146K, committed 65200K, reserved 311296K
  class space    used 8258K, capacity 8669K, committed 8704K, reserved 253952K
}
Event: 70.898 GC heap after
{Heap after GC invocations=34 (full 0):
 garbage-first heap   total 262144K, used 85257K [0x00000000e0000000, 0x0000000100000000)
  region size 1024K, 11 young (11264K), 11 survivors (11264K)
 Metaspace       used 63955K, capacity 65146K, committed 65200K, reserved 311296K
  class space    used 8258K, capacity 8669K, committed 8704K, reserved 253952K
}
Event: 80.909 GC heap before
{Heap before GC invocations=34 (full 0):
 garbage-first heap   total 262144K, used 223497K [0x00000000e0000000, 0x0000000100000000)
  region size 1024K, 146 young (149504K), 11 survivors (11264K)
 Metaspace       used 63979K, capacity 65152K, committed 65200K, reserved 311296K
  class space    used 8259K, capacity 8670K, committed 8704K, reserved 253952K
}
Event: 80.912 GC heap after
{Heap after GC invocations=35 (full 0):
 garbage-first heap   total 262144K, used 71658K [0x00000000e0000000, 0x0000000100000000)
  region size 1024K, 2 young (2048K), 2 survivors (2048K)
 Metaspace       used 63979K, capacity 65152K, committed 65200K, reserved 311296K
  class space    used 8259K, capacity 8670K, committed 8704K, reserved 253952K
}
Event: 81.593 GC heap before
{Heap before GC invocations=35 (full 0):
 garbage-first heap   total 262144K, used 231402K [0x00000000e0000000, 0x0000000100000000)
  region size 1024K, 153 young (156672K), 2 survivors (2048K)
 Metaspace       used 63982K, capacity 65152K, committed 65200K, reserved 311296K
  class space    used 8259K, capacity 8670K, committed 8704K, reserved 253952K
}
Event: 81.598 GC heap after
{Heap after GC invocations=36 (full 0):
 garbage-first heap   total 262144K, used 79195K [0x00000000e0000000, 0x0000000100000000)
  region size 1024K, 5 young (5120K), 5 survivors (5120K)
 Metaspace       used 63982K, capacity 65152K, committed 65200K, reserved 311296K
  class space    used 8259K, capacity 8670K, committed 8704K, reserved 253952K
}
Event: 82.249 GC heap before
{Heap before GC invocations=36 (full 0):
 garbage-first heap   total 262144K, used 229723K [0x00000000e0000000, 0x0000000100000000)
  region size 1024K, 152 young (155648K), 5 survivors (5120K)
 Metaspace       used 63985K, capacity 65152K, committed 65200K, reserved 311296K
  class space    used 8259K, capacity 8670K, committed 8704K, reserved 253952K
}
Event: 82.255 GC heap after
{Heap after GC invocations=37 (full 0):
 garbage-first heap   total 262144K, used 81854K [0x00000000e0000000, 0x0000000100000000)
  region size 1024K, 7 young (7168K), 7 survivors (7168K)
 Metaspace       used 63985K, capacity 65152K, committed 65200K, reserved 311296K
  class space    used 8259K, capacity 8670K, committed 8704K, reserved 253952K
}
Event: 82.849 GC heap before
{Heap before GC invocations=37 (full 0):
 garbage-first heap   total 262144K, used 228286K [0x00000000e0000000, 0x0000000100000000)
  region size 1024K, 150 young (153600K), 7 survivors (7168K)
 Metaspace       used 63985K, capacity 65152K, committed 65200K, reserved 311296K
  class space    used 8259K, capacity 8670K, committed 8704K, reserved 253952K
}
Event: 82.857 GC heap after
{Heap after GC invocations=38 (full 0):
 garbage-first heap   total 262144K, used 83822K [0x00000000e0000000, 0x0000000100000000)
  region size 1024K, 9 young (9216K), 9 survivors (9216K)
 Metaspace       used 63985K, capacity 65152K, committed 65200K, reserved 311296K
  class space    used 8259K, capacity 8670K, committed 8704K, reserved 253952K
}
Event: 84.214 GC heap before
{Heap before GC invocations=38 (full 0):
 garbage-first heap   total 262144K, used 231278K [0x00000000e0000000, 0x0000000100000000)
  region size 1024K, 148 young (151552K), 9 survivors (9216K)
 Metaspace       used 64278K, capacity 65554K, committed 65840K, reserved 311296K
  class space    used 8278K, capacity 8716K, committed 8832K, reserved 253952K
}
Event: 84.220 GC heap after
{Heap after GC invocations=39 (full 0):
 garbage-first heap   total 262144K, used 78826K [0x00000000e0000000, 0x0000000100000000)
  region size 1024K, 4 young (4096K), 4 survivors (4096K)
 Metaspace       used 64278K, capacity 65554K, committed 65840K, reserved 311296K
  class space    used 8278K, capacity 8716K, committed 8832K, reserved 253952K
}
Event: 98.045 GC heap before
{Heap before GC invocations=39 (full 0):
 garbage-first heap   total 262144K, used 236522K [0x00000000e0000000, 0x0000000100000000)
  region size 1024K, 150 young (153600K), 4 survivors (4096K)
 Metaspace       used 71637K, capacity 73128K, committed 73264K, reserved 317440K
  class space    used 9227K, capacity 9734K, committed 9856K, reserved 253952K
}
Event: 98.066 GC heap after
{Heap after GC invocations=40 (full 0):
 garbage-first heap   total 262144K, used 97258K [0x00000000e0000000, 0x0000000100000000)
  region size 1024K, 13 young (13312K), 13 survivors (13312K)
 Metaspace       used 71637K, capacity 73128K, committed 73264K, reserved 317440K
  class space    used 9227K, capacity 9734K, committed 9856K, reserved 253952K
}
Event: 171.976 GC heap before
{Heap before GC invocations=40 (full 0):
 garbage-first heap   total 262144K, used 222186K [0x00000000e0000000, 0x0000000100000000)
  region size 1024K, 135 young (138240K), 13 survivors (13312K)
 Metaspace       used 75221K, capacity 76833K, committed 76976K, reserved 321536K
  class space    used 9643K, capacity 10185K, committed 10240K, reserved 253952K
}
Event: 172.109 GC heap after
{Heap after GC invocations=41 (full 0):
 garbage-first heap   total 262144K, used 102145K [0x00000000e0000000, 0x0000000100000000)
  region size 1024K, 5 young (5120K), 5 survivors (5120K)
 Metaspace       used 75221K, capacity 76833K, committed 76976K, reserved 321536K
  class space    used 9643K, capacity 10185K, committed 10240K, reserved 253952K
}
Event: 176.262 GC heap before
{Heap before GC invocations=41 (full 0):
 garbage-first heap   total 262144K, used 222977K [0x00000000e0000000, 0x0000000100000000)
  region size 1024K, 123 young (125952K), 5 survivors (5120K)
 Metaspace       used 76260K, capacity 77965K, committed 78128K, reserved 323584K
  class space    used 9743K, capacity 10303K, committed 10368K, reserved 253952K
}
Event: 176.305 GC heap after
{Heap after GC invocations=42 (full 0):
 garbage-first heap   total 262144K, used 107265K [0x00000000e0000000, 0x0000000100000000)
  region size 1024K, 10 young (10240K), 10 survivors (10240K)
 Metaspace       used 76260K, capacity 77965K, committed 78128K, reserved 323584K
  class space    used 9743K, capacity 10303K, committed 10368K, reserved 253952K
}

